{"uid":"69336492fe1ce04b","name":"runDartTest[temp_test RA_01: Add new rate alert]","fullName":"com.vanillatech.mmp.MainActivityTest.runDartTest[temp_test RA_01: Add new rate alert]","historyId":"98e517ceb585a83752da997738fbfae","time":{"start":1703068271089,"stop":1703068328637,"duration":57548},"status":"failed","statusMessage":"Dart test failed: temp_test RA_01: Add new rate alert\n══╡ EXCEPTION CAUGHT BY FLUTTER TEST FRAMEWORK ╞═════════════════\nThe following assertion was thrown running a test:\npumpAndSettle timed out\n\nWhen the exception was thrown, this was the stack:\n#0      WidgetTester.pumpAndSettle.<anonymous closure> (package:flutter_test/src/widget_tester.dart:694:11)\n<asynchronous suspension>\n#1      TestAsyncUtils.guard.<anonymous closure> (package:flutter_test/src/test_async_utils.dart:117:7)\n<asynchronous suspension>\n#2      PatrolTester.pumpAndSettle (package:patrol_finders/src/custom_finders/patrol_tester.dart:167:5)\n<asynchronous suspension>\n#3      LoginCommon.loginTestWithOptionalDeviceBinding (file:///Users/anilthapa/Flutter%20Projects/mmp2.0/integration_test/login/common/login_common.dart:74:5)\n<asynchronous suspension>\n#4      RateAlertTestCase.straightFlow.<anonymous closure> (file:///Users/anilthapa/Flutter%20Projects/mmp2.0/integration_test/rate_alert/test_cases/rate_alert_test_case.dart:29:7)\n<asynchronous suspension>\n#5      patrolTest.<anonymous closure> (package:patrol/src/common.dart:120:7)\n<asynchronous suspension>\n#6      testWidgets.<anonymous closure>.<anonymous closure> (package:flutter_test/src/widget_tester.dart:168:15)\n<asynchronous suspension>\n#7      TestWidgetsFlutterBinding._runTestBody (package:flutter_test/src/binding.dart:1013:5)\n<asynchronous suspension>\n#8      TestWidgetsFlutterBinding._createTestCompletionHandler.<anonymous closure> (package:flutter_test/src/binding.dart:804:12)\n<asynchronous suspension>\n\nThe test description was:\n  RA_01: Add new rate alert\n═════════════════════════════════════════════════════════════════\n","statusTrace":"java.lang.AssertionError: Dart test failed: temp_test RA_01: Add new rate alert\n══╡ EXCEPTION CAUGHT BY FLUTTER TEST FRAMEWORK ╞═════════════════\nThe following assertion was thrown running a test:\npumpAndSettle timed out\n\nWhen the exception was thrown, this was the stack:\n#0      WidgetTester.pumpAndSettle.<anonymous closure> (package:flutter_test/src/widget_tester.dart:694:11)\n<asynchronous suspension>\n#1      TestAsyncUtils.guard.<anonymous closure> (package:flutter_test/src/test_async_utils.dart:117:7)\n<asynchronous suspension>\n#2      PatrolTester.pumpAndSettle (package:patrol_finders/src/custom_finders/patrol_tester.dart:167:5)\n<asynchronous suspension>\n#3      LoginCommon.loginTestWithOptionalDeviceBinding (file:///Users/anilthapa/Flutter%20Projects/mmp2.0/integration_test/login/common/login_common.dart:74:5)\n<asynchronous suspension>\n#4      RateAlertTestCase.straightFlow.<anonymous closure> (file:///Users/anilthapa/Flutter%20Projects/mmp2.0/integration_test/rate_alert/test_cases/rate_alert_test_case.dart:29:7)\n<asynchronous suspension>\n#5      patrolTest.<anonymous closure> (package:patrol/src/common.dart:120:7)\n<asynchronous suspension>\n#6      testWidgets.<anonymous closure>.<anonymous closure> (package:flutter_test/src/widget_tester.dart:168:15)\n<asynchronous suspension>\n#7      TestWidgetsFlutterBinding._runTestBody (package:flutter_test/src/binding.dart:1013:5)\n<asynchronous suspension>\n#8      TestWidgetsFlutterBinding._createTestCompletionHandler.<anonymous closure> (package:flutter_test/src/binding.dart:804:12)\n<asynchronous suspension>\n\nThe test description was:\n  RA_01: Add new rate alert\n═════════════════════════════════════════════════════════════════\n\n\tat pl.leancode.patrol.PatrolJUnitRunner.runDartTest(PatrolJUnitRunner.java:135)\n\tat com.vanillatech.mmp.MainActivityTest.runDartTest(MainActivityTest.java:45)\n\tat java.lang.reflect.Method.invoke(Native Method)\n\tat org.junit.runners.model.FrameworkMethod$1.runReflectiveCall(FrameworkMethod.java:59)\n\tat org.junit.internal.runners.model.ReflectiveCallable.run(ReflectiveCallable.java:12)\n\tat org.junit.runners.model.FrameworkMethod.invokeExplosively(FrameworkMethod.java:56)\n\tat org.junit.internal.runners.statements.InvokeMethod.evaluate(InvokeMethod.java:17)\n\tat io.qameta.allure.android.rules.LogcatRule$apply$1.evaluate(LogcatRule.kt:23)\n\tat io.qameta.allure.android.rules.ScreenshotRule$apply$1.evaluate(ScreenshotRule.kt:22)\n\tat io.qameta.allure.android.rules.WindowHierarchyRule$apply$1.evaluate(WindowHierarchyRule.kt:21)\n\tat org.junit.runners.ParentRunner$3.evaluate(ParentRunner.java:306)\n\tat org.junit.runners.BlockJUnit4ClassRunner$1.evaluate(BlockJUnit4ClassRunner.java:100)\n\tat org.junit.runners.ParentRunner.runLeaf(ParentRunner.java:366)\n\tat org.junit.runners.BlockJUnit4ClassRunner.runChild(BlockJUnit4ClassRunner.java:103)\n\tat org.junit.runners.BlockJUnit4ClassRunner.runChild(BlockJUnit4ClassRunner.java:63)\n\tat org.junit.runners.ParentRunner$4.run(ParentRunner.java:331)\n\tat org.junit.runners.ParentRunner$1.schedule(ParentRunner.java:79)\n\tat org.junit.runners.ParentRunner.runChildren(ParentRunner.java:329)\n\tat org.junit.runners.ParentRunner.access$100(ParentRunner.java:66)\n\tat org.junit.runners.ParentRunner$2.evaluate(ParentRunner.java:293)\n\tat org.junit.runners.ParentRunner.run(ParentRunner.java:413)\n\tat org.junit.runners.Suite.runChild(Suite.java:128)\n\tat org.junit.runners.Suite.runChild(Suite.java:27)\n\tat org.junit.runners.ParentRunner$4.run(ParentRunner.java:331)\n\tat org.junit.runners.ParentRunner$1.schedule(ParentRunner.java:79)\n\tat org.junit.runners.ParentRunner.runChildren(ParentRunner.java:329)\n\tat org.junit.runners.ParentRunner.access$100(ParentRunner.java:66)\n\tat org.junit.runners.ParentRunner$2.evaluate(ParentRunner.java:293)\n\tat org.junit.runners.ParentRunner$3.evaluate(ParentRunner.java:306)\n\tat org.junit.runners.ParentRunner.run(ParentRunner.java:413)\n\tat org.junit.runners.Suite.runChild(Suite.java:128)\n\tat org.junit.runners.Suite.runChild(Suite.java:27)\n\tat org.junit.runners.ParentRunner$4.run(ParentRunner.java:331)\n\tat org.junit.runners.ParentRunner$1.schedule(ParentRunner.java:79)\n\tat org.junit.runners.ParentRunner.runChildren(ParentRunner.java:329)\n\tat org.junit.runners.ParentRunner.access$100(ParentRunner.java:66)\n\tat org.junit.runners.ParentRunner$2.evaluate(ParentRunner.java:293)\n\tat org.junit.runners.ParentRunner$3.evaluate(ParentRunner.java:306)\n\tat org.junit.runners.ParentRunner.run(ParentRunner.java:413)\n\tat org.junit.runner.JUnitCore.run(JUnitCore.java:137)\n\tat org.junit.runner.JUnitCore.run(JUnitCore.java:115)\n\tat androidx.test.internal.runner.TestExecutor.execute(TestExecutor.java:67)\n\tat androidx.test.internal.runner.TestExecutor.execute(TestExecutor.java:58)\n\tat androidx.test.runner.AndroidJUnitRunner.onStart(AndroidJUnitRunner.java:446)\n\tat android.app.Instrumentation$InstrumentationThread.run(Instrumentation.java:2361)\n","flaky":false,"newFailed":false,"newBroken":false,"newPassed":false,"retriesCount":0,"retriesStatusChange":false,"beforeStages":[],"testStage":{"status":"failed","statusMessage":"Dart test failed: temp_test RA_01: Add new rate alert\n══╡ EXCEPTION CAUGHT BY FLUTTER TEST FRAMEWORK ╞═════════════════\nThe following assertion was thrown running a test:\npumpAndSettle timed out\n\nWhen the exception was thrown, this was the stack:\n#0      WidgetTester.pumpAndSettle.<anonymous closure> (package:flutter_test/src/widget_tester.dart:694:11)\n<asynchronous suspension>\n#1      TestAsyncUtils.guard.<anonymous closure> (package:flutter_test/src/test_async_utils.dart:117:7)\n<asynchronous suspension>\n#2      PatrolTester.pumpAndSettle (package:patrol_finders/src/custom_finders/patrol_tester.dart:167:5)\n<asynchronous suspension>\n#3      LoginCommon.loginTestWithOptionalDeviceBinding (file:///Users/anilthapa/Flutter%20Projects/mmp2.0/integration_test/login/common/login_common.dart:74:5)\n<asynchronous suspension>\n#4      RateAlertTestCase.straightFlow.<anonymous closure> (file:///Users/anilthapa/Flutter%20Projects/mmp2.0/integration_test/rate_alert/test_cases/rate_alert_test_case.dart:29:7)\n<asynchronous suspension>\n#5      patrolTest.<anonymous closure> (package:patrol/src/common.dart:120:7)\n<asynchronous suspension>\n#6      testWidgets.<anonymous closure>.<anonymous closure> (package:flutter_test/src/widget_tester.dart:168:15)\n<asynchronous suspension>\n#7      TestWidgetsFlutterBinding._runTestBody (package:flutter_test/src/binding.dart:1013:5)\n<asynchronous suspension>\n#8      TestWidgetsFlutterBinding._createTestCompletionHandler.<anonymous closure> (package:flutter_test/src/binding.dart:804:12)\n<asynchronous suspension>\n\nThe test description was:\n  RA_01: Add new rate alert\n═════════════════════════════════════════════════════════════════\n","statusTrace":"java.lang.AssertionError: Dart test failed: temp_test RA_01: Add new rate alert\n══╡ EXCEPTION CAUGHT BY FLUTTER TEST FRAMEWORK ╞═════════════════\nThe following assertion was thrown running a test:\npumpAndSettle timed out\n\nWhen the exception was thrown, this was the stack:\n#0      WidgetTester.pumpAndSettle.<anonymous closure> (package:flutter_test/src/widget_tester.dart:694:11)\n<asynchronous suspension>\n#1      TestAsyncUtils.guard.<anonymous closure> (package:flutter_test/src/test_async_utils.dart:117:7)\n<asynchronous suspension>\n#2      PatrolTester.pumpAndSettle (package:patrol_finders/src/custom_finders/patrol_tester.dart:167:5)\n<asynchronous suspension>\n#3      LoginCommon.loginTestWithOptionalDeviceBinding (file:///Users/anilthapa/Flutter%20Projects/mmp2.0/integration_test/login/common/login_common.dart:74:5)\n<asynchronous suspension>\n#4      RateAlertTestCase.straightFlow.<anonymous closure> (file:///Users/anilthapa/Flutter%20Projects/mmp2.0/integration_test/rate_alert/test_cases/rate_alert_test_case.dart:29:7)\n<asynchronous suspension>\n#5      patrolTest.<anonymous closure> (package:patrol/src/common.dart:120:7)\n<asynchronous suspension>\n#6      testWidgets.<anonymous closure>.<anonymous closure> (package:flutter_test/src/widget_tester.dart:168:15)\n<asynchronous suspension>\n#7      TestWidgetsFlutterBinding._runTestBody (package:flutter_test/src/binding.dart:1013:5)\n<asynchronous suspension>\n#8      TestWidgetsFlutterBinding._createTestCompletionHandler.<anonymous closure> (package:flutter_test/src/binding.dart:804:12)\n<asynchronous suspension>\n\nThe test description was:\n  RA_01: Add new rate alert\n═════════════════════════════════════════════════════════════════\n\n\tat pl.leancode.patrol.PatrolJUnitRunner.runDartTest(PatrolJUnitRunner.java:135)\n\tat com.vanillatech.mmp.MainActivityTest.runDartTest(MainActivityTest.java:45)\n\tat java.lang.reflect.Method.invoke(Native Method)\n\tat org.junit.runners.model.FrameworkMethod$1.runReflectiveCall(FrameworkMethod.java:59)\n\tat org.junit.internal.runners.model.ReflectiveCallable.run(ReflectiveCallable.java:12)\n\tat org.junit.runners.model.FrameworkMethod.invokeExplosively(FrameworkMethod.java:56)\n\tat org.junit.internal.runners.statements.InvokeMethod.evaluate(InvokeMethod.java:17)\n\tat io.qameta.allure.android.rules.LogcatRule$apply$1.evaluate(LogcatRule.kt:23)\n\tat io.qameta.allure.android.rules.ScreenshotRule$apply$1.evaluate(ScreenshotRule.kt:22)\n\tat io.qameta.allure.android.rules.WindowHierarchyRule$apply$1.evaluate(WindowHierarchyRule.kt:21)\n\tat org.junit.runners.ParentRunner$3.evaluate(ParentRunner.java:306)\n\tat org.junit.runners.BlockJUnit4ClassRunner$1.evaluate(BlockJUnit4ClassRunner.java:100)\n\tat org.junit.runners.ParentRunner.runLeaf(ParentRunner.java:366)\n\tat org.junit.runners.BlockJUnit4ClassRunner.runChild(BlockJUnit4ClassRunner.java:103)\n\tat org.junit.runners.BlockJUnit4ClassRunner.runChild(BlockJUnit4ClassRunner.java:63)\n\tat org.junit.runners.ParentRunner$4.run(ParentRunner.java:331)\n\tat org.junit.runners.ParentRunner$1.schedule(ParentRunner.java:79)\n\tat org.junit.runners.ParentRunner.runChildren(ParentRunner.java:329)\n\tat org.junit.runners.ParentRunner.access$100(ParentRunner.java:66)\n\tat org.junit.runners.ParentRunner$2.evaluate(ParentRunner.java:293)\n\tat org.junit.runners.ParentRunner.run(ParentRunner.java:413)\n\tat org.junit.runners.Suite.runChild(Suite.java:128)\n\tat org.junit.runners.Suite.runChild(Suite.java:27)\n\tat org.junit.runners.ParentRunner$4.run(ParentRunner.java:331)\n\tat org.junit.runners.ParentRunner$1.schedule(ParentRunner.java:79)\n\tat org.junit.runners.ParentRunner.runChildren(ParentRunner.java:329)\n\tat org.junit.runners.ParentRunner.access$100(ParentRunner.java:66)\n\tat org.junit.runners.ParentRunner$2.evaluate(ParentRunner.java:293)\n\tat org.junit.runners.ParentRunner$3.evaluate(ParentRunner.java:306)\n\tat org.junit.runners.ParentRunner.run(ParentRunner.java:413)\n\tat org.junit.runners.Suite.runChild(Suite.java:128)\n\tat org.junit.runners.Suite.runChild(Suite.java:27)\n\tat org.junit.runners.ParentRunner$4.run(ParentRunner.java:331)\n\tat org.junit.runners.ParentRunner$1.schedule(ParentRunner.java:79)\n\tat org.junit.runners.ParentRunner.runChildren(ParentRunner.java:329)\n\tat org.junit.runners.ParentRunner.access$100(ParentRunner.java:66)\n\tat org.junit.runners.ParentRunner$2.evaluate(ParentRunner.java:293)\n\tat org.junit.runners.ParentRunner$3.evaluate(ParentRunner.java:306)\n\tat org.junit.runners.ParentRunner.run(ParentRunner.java:413)\n\tat org.junit.runner.JUnitCore.run(JUnitCore.java:137)\n\tat org.junit.runner.JUnitCore.run(JUnitCore.java:115)\n\tat androidx.test.internal.runner.TestExecutor.execute(TestExecutor.java:67)\n\tat androidx.test.internal.runner.TestExecutor.execute(TestExecutor.java:58)\n\tat androidx.test.runner.AndroidJUnitRunner.onStart(AndroidJUnitRunner.java:446)\n\tat android.app.Instrumentation$InstrumentationThread.run(Instrumentation.java:2361)\n","steps":[],"attachments":[{"uid":"bbd09a7305bbc226","name":"logcat-dump","source":"bbd09a7305bbc226.txt","type":"text/plain","size":98775},{"uid":"626163390fc6001e","name":"ss_end","source":"626163390fc6001e.png","type":"image/png","size":131381},{"uid":"53cfbed9d027ed26","name":"window-hierarchy","source":"53cfbed9d027ed26.xml","type":"text/xml","size":16125}],"parameters":[],"shouldDisplayMessage":true,"stepsCount":0,"attachmentsCount":3,"hasContent":true,"attachmentStep":false},"afterStages":[],"labels":[{"name":"package","value":"com.vanillatech.mmp"},{"name":"testClass","value":"com.vanillatech.mmp.MainActivityTest"},{"name":"testMethod","value":"runDartTest[temp_test RA_01: Add new rate alert]"},{"name":"suite","value":"com.vanillatech.mmp.MainActivityTest"},{"name":"host","value":"localhost"},{"name":"thread","value":"Instr: com.vanillatech.mmp.AllurePatrolJUnitRunner(92)"},{"name":"framework","value":"junit4"},{"name":"language","value":"kotlin"},{"name":"resultFormat","value":"allure2"}],"parameters":[],"links":[],"hidden":true,"retry":true,"extra":{"categories":[],"tags":[]},"source":"69336492fe1ce04b.json","parameterValues":[]}