{"uid":"c6951d877ac6ab5","name":"runDartTest[temp_test Req_01: Successfully request money to single user.]","fullName":"com.vanillatech.mmp.MainActivityTest.runDartTest[temp_test Req_01: Successfully request money to single user.]","historyId":"7ee273dcd3aa81414c8aba2d61c05052","time":{"start":1703127177353,"stop":1703127222800,"duration":45447},"status":"failed","statusMessage":"Dart test failed: temp_test Req_01: Successfully request money to single user.\n══╡ EXCEPTION CAUGHT BY FLUTTER TEST FRAMEWORK ╞═════════════════\nThe following message was thrown:\nMultiple exceptions (3) were detected during the running of the\ncurrent test, and at least one was unexpected.\n═════════════════════════════════════════════════════════════════\n","statusTrace":"java.lang.AssertionError: Dart test failed: temp_test Req_01: Successfully request money to single user.\n══╡ EXCEPTION CAUGHT BY FLUTTER TEST FRAMEWORK ╞═════════════════\nThe following message was thrown:\nMultiple exceptions (3) were detected during the running of the\ncurrent test, and at least one was unexpected.\n═════════════════════════════════════════════════════════════════\n\n\tat pl.leancode.patrol.PatrolJUnitRunner.runDartTest(PatrolJUnitRunner.java:135)\n\tat com.vanillatech.mmp.MainActivityTest.runDartTest(MainActivityTest.java:45)\n\tat java.lang.reflect.Method.invoke(Native Method)\n\tat org.junit.runners.model.FrameworkMethod$1.runReflectiveCall(FrameworkMethod.java:59)\n\tat org.junit.internal.runners.model.ReflectiveCallable.run(ReflectiveCallable.java:12)\n\tat org.junit.runners.model.FrameworkMethod.invokeExplosively(FrameworkMethod.java:56)\n\tat org.junit.internal.runners.statements.InvokeMethod.evaluate(InvokeMethod.java:17)\n\tat io.qameta.allure.android.rules.LogcatRule$apply$1.evaluate(LogcatRule.kt:23)\n\tat io.qameta.allure.android.rules.ScreenshotRule$apply$1.evaluate(ScreenshotRule.kt:22)\n\tat io.qameta.allure.android.rules.WindowHierarchyRule$apply$1.evaluate(WindowHierarchyRule.kt:21)\n\tat org.junit.runners.ParentRunner$3.evaluate(ParentRunner.java:306)\n\tat org.junit.runners.BlockJUnit4ClassRunner$1.evaluate(BlockJUnit4ClassRunner.java:100)\n\tat org.junit.runners.ParentRunner.runLeaf(ParentRunner.java:366)\n\tat org.junit.runners.BlockJUnit4ClassRunner.runChild(BlockJUnit4ClassRunner.java:103)\n\tat org.junit.runners.BlockJUnit4ClassRunner.runChild(BlockJUnit4ClassRunner.java:63)\n\tat org.junit.runners.ParentRunner$4.run(ParentRunner.java:331)\n\tat org.junit.runners.ParentRunner$1.schedule(ParentRunner.java:79)\n\tat org.junit.runners.ParentRunner.runChildren(ParentRunner.java:329)\n\tat org.junit.runners.ParentRunner.access$100(ParentRunner.java:66)\n\tat org.junit.runners.ParentRunner$2.evaluate(ParentRunner.java:293)\n\tat org.junit.runners.ParentRunner.run(ParentRunner.java:413)\n\tat org.junit.runners.Suite.runChild(Suite.java:128)\n\tat org.junit.runners.Suite.runChild(Suite.java:27)\n\tat org.junit.runners.ParentRunner$4.run(ParentRunner.java:331)\n\tat org.junit.runners.ParentRunner$1.schedule(ParentRunner.java:79)\n\tat org.junit.runners.ParentRunner.runChildren(ParentRunner.java:329)\n\tat org.junit.runners.ParentRunner.access$100(ParentRunner.java:66)\n\tat org.junit.runners.ParentRunner$2.evaluate(ParentRunner.java:293)\n\tat org.junit.runners.ParentRunner$3.evaluate(ParentRunner.java:306)\n\tat org.junit.runners.ParentRunner.run(ParentRunner.java:413)\n\tat org.junit.runners.Suite.runChild(Suite.java:128)\n\tat org.junit.runners.Suite.runChild(Suite.java:27)\n\tat org.junit.runners.ParentRunner$4.run(ParentRunner.java:331)\n\tat org.junit.runners.ParentRunner$1.schedule(ParentRunner.java:79)\n\tat org.junit.runners.ParentRunner.runChildren(ParentRunner.java:329)\n\tat org.junit.runners.ParentRunner.access$100(ParentRunner.java:66)\n\tat org.junit.runners.ParentRunner$2.evaluate(ParentRunner.java:293)\n\tat org.junit.runners.ParentRunner$3.evaluate(ParentRunner.java:306)\n\tat org.junit.runners.ParentRunner.run(ParentRunner.java:413)\n\tat org.junit.runner.JUnitCore.run(JUnitCore.java:137)\n\tat org.junit.runner.JUnitCore.run(JUnitCore.java:115)\n\tat androidx.test.internal.runner.TestExecutor.execute(TestExecutor.java:67)\n\tat androidx.test.internal.runner.TestExecutor.execute(TestExecutor.java:58)\n\tat androidx.test.runner.AndroidJUnitRunner.onStart(AndroidJUnitRunner.java:446)\n\tat android.app.Instrumentation$InstrumentationThread.run(Instrumentation.java:2361)\n","flaky":false,"newFailed":false,"newBroken":false,"newPassed":false,"retriesCount":1,"retriesStatusChange":true,"beforeStages":[],"testStage":{"status":"failed","statusMessage":"Dart test failed: temp_test Req_01: Successfully request money to single user.\n══╡ EXCEPTION CAUGHT BY FLUTTER TEST FRAMEWORK ╞═════════════════\nThe following message was thrown:\nMultiple exceptions (3) were detected during the running of the\ncurrent test, and at least one was unexpected.\n═════════════════════════════════════════════════════════════════\n","statusTrace":"java.lang.AssertionError: Dart test failed: temp_test Req_01: Successfully request money to single user.\n══╡ EXCEPTION CAUGHT BY FLUTTER TEST FRAMEWORK ╞═════════════════\nThe following message was thrown:\nMultiple exceptions (3) were detected during the running of the\ncurrent test, and at least one was unexpected.\n═════════════════════════════════════════════════════════════════\n\n\tat pl.leancode.patrol.PatrolJUnitRunner.runDartTest(PatrolJUnitRunner.java:135)\n\tat com.vanillatech.mmp.MainActivityTest.runDartTest(MainActivityTest.java:45)\n\tat java.lang.reflect.Method.invoke(Native Method)\n\tat org.junit.runners.model.FrameworkMethod$1.runReflectiveCall(FrameworkMethod.java:59)\n\tat org.junit.internal.runners.model.ReflectiveCallable.run(ReflectiveCallable.java:12)\n\tat org.junit.runners.model.FrameworkMethod.invokeExplosively(FrameworkMethod.java:56)\n\tat org.junit.internal.runners.statements.InvokeMethod.evaluate(InvokeMethod.java:17)\n\tat io.qameta.allure.android.rules.LogcatRule$apply$1.evaluate(LogcatRule.kt:23)\n\tat io.qameta.allure.android.rules.ScreenshotRule$apply$1.evaluate(ScreenshotRule.kt:22)\n\tat io.qameta.allure.android.rules.WindowHierarchyRule$apply$1.evaluate(WindowHierarchyRule.kt:21)\n\tat org.junit.runners.ParentRunner$3.evaluate(ParentRunner.java:306)\n\tat org.junit.runners.BlockJUnit4ClassRunner$1.evaluate(BlockJUnit4ClassRunner.java:100)\n\tat org.junit.runners.ParentRunner.runLeaf(ParentRunner.java:366)\n\tat org.junit.runners.BlockJUnit4ClassRunner.runChild(BlockJUnit4ClassRunner.java:103)\n\tat org.junit.runners.BlockJUnit4ClassRunner.runChild(BlockJUnit4ClassRunner.java:63)\n\tat org.junit.runners.ParentRunner$4.run(ParentRunner.java:331)\n\tat org.junit.runners.ParentRunner$1.schedule(ParentRunner.java:79)\n\tat org.junit.runners.ParentRunner.runChildren(ParentRunner.java:329)\n\tat org.junit.runners.ParentRunner.access$100(ParentRunner.java:66)\n\tat org.junit.runners.ParentRunner$2.evaluate(ParentRunner.java:293)\n\tat org.junit.runners.ParentRunner.run(ParentRunner.java:413)\n\tat org.junit.runners.Suite.runChild(Suite.java:128)\n\tat org.junit.runners.Suite.runChild(Suite.java:27)\n\tat org.junit.runners.ParentRunner$4.run(ParentRunner.java:331)\n\tat org.junit.runners.ParentRunner$1.schedule(ParentRunner.java:79)\n\tat org.junit.runners.ParentRunner.runChildren(ParentRunner.java:329)\n\tat org.junit.runners.ParentRunner.access$100(ParentRunner.java:66)\n\tat org.junit.runners.ParentRunner$2.evaluate(ParentRunner.java:293)\n\tat org.junit.runners.ParentRunner$3.evaluate(ParentRunner.java:306)\n\tat org.junit.runners.ParentRunner.run(ParentRunner.java:413)\n\tat org.junit.runners.Suite.runChild(Suite.java:128)\n\tat org.junit.runners.Suite.runChild(Suite.java:27)\n\tat org.junit.runners.ParentRunner$4.run(ParentRunner.java:331)\n\tat org.junit.runners.ParentRunner$1.schedule(ParentRunner.java:79)\n\tat org.junit.runners.ParentRunner.runChildren(ParentRunner.java:329)\n\tat org.junit.runners.ParentRunner.access$100(ParentRunner.java:66)\n\tat org.junit.runners.ParentRunner$2.evaluate(ParentRunner.java:293)\n\tat org.junit.runners.ParentRunner$3.evaluate(ParentRunner.java:306)\n\tat org.junit.runners.ParentRunner.run(ParentRunner.java:413)\n\tat org.junit.runner.JUnitCore.run(JUnitCore.java:137)\n\tat org.junit.runner.JUnitCore.run(JUnitCore.java:115)\n\tat androidx.test.internal.runner.TestExecutor.execute(TestExecutor.java:67)\n\tat androidx.test.internal.runner.TestExecutor.execute(TestExecutor.java:58)\n\tat androidx.test.runner.AndroidJUnitRunner.onStart(AndroidJUnitRunner.java:446)\n\tat android.app.Instrumentation$InstrumentationThread.run(Instrumentation.java:2361)\n","steps":[],"attachments":[{"uid":"6f1b5ffe5bbb2df4","name":"logcat-dump","source":"6f1b5ffe5bbb2df4.txt","type":"text/plain","size":223687},{"uid":"3f60632adcdd0d42","name":"ss_end","source":"3f60632adcdd0d42.png","type":"image/png","size":524274},{"uid":"a21a4c1e97ef6788","name":"window-hierarchy","source":"a21a4c1e97ef6788.xml","type":"text/xml","size":19732}],"parameters":[],"shouldDisplayMessage":true,"stepsCount":0,"attachmentsCount":3,"hasContent":true,"attachmentStep":false},"afterStages":[],"labels":[{"name":"package","value":"com.vanillatech.mmp"},{"name":"testClass","value":"com.vanillatech.mmp.MainActivityTest"},{"name":"testMethod","value":"runDartTest[temp_test Req_01: Successfully request money to single user.]"},{"name":"suite","value":"com.vanillatech.mmp.MainActivityTest"},{"name":"host","value":"localhost"},{"name":"thread","value":"Instr: com.vanillatech.mmp.AllurePatrolJUnitRunner(92)"},{"name":"framework","value":"junit4"},{"name":"language","value":"kotlin"},{"name":"resultFormat","value":"allure2"}],"parameters":[],"links":[],"hidden":false,"retry":false,"extra":{"severity":"normal","retries":[{"uid":"6f8159808b8514c1","status":"passed","time":{"start":1703127061603,"stop":1703127061603,"duration":0}}],"categories":[{"name":"Product defects","matchedStatuses":[],"flaky":false}],"tags":[]},"source":"c6951d877ac6ab5.json","parameterValues":[]}